Lab1/app/build/intermediates/manifest_merge_blame_file/debug/manifest-merger-blame-debug-report.txt
1<?xml version="1.0" encoding="utf-8"?>
2<manifest xmlns:android="http://schemas.android.com/apk/res/android"
3    package="ca.yorku.eecs.mack.demobuttons"
4    android:versionCode="1"
5    android:versionName="1.0" >
6
7    <uses-sdk
8        android:minSdkVersion="13"
8-->src/main/AndroidManifest.xml
9        android:targetSdkVersion="27" />
9-->src/main/AndroidManifest.xml
10
11    <application
11-->src/main/AndroidManifest.xml:7:5-25:19
12        android:allowBackup="false"
12-->src/main/AndroidManifest.xml:9:9-36
13        android:debuggable="true"
14        android:icon="@mipmap/ic_launcher"
14-->src/main/AndroidManifest.xml:10:9-43
15        android:label="@string/app_name"
15-->src/main/AndroidManifest.xml:11:9-41
16        android:testOnly="true"
17        android:theme="@android:style/Theme.Holo" >
17-->src/main/AndroidManifest.xml:8:9-50
18        <activity
18-->src/main/AndroidManifest.xml:14:9-24:20
19            android:name="ca.yorku.eecs.mack.demobuttons46880.DemoButtons46880Activity"
19-->src/main/AndroidManifest.xml:15:13-88
20            android:configChanges="orientation|screenSize"
20-->src/main/AndroidManifest.xml:16:13-59
21            android:label="@string/app_name"
21-->src/main/AndroidManifest.xml:18:13-45
22            android:theme="@style/TheTheme" >
22-->src/main/AndroidManifest.xml:17:13-44
23            <intent-filter>
23-->src/main/AndroidManifest.xml:19:13-23:29
24                <action android:name="android.intent.action.MAIN" />
24-->src/main/AndroidManifest.xml:20:17-69
24-->src/main/AndroidManifest.xml:20:25-66
25                <action android:name="android.intent.action.VIEW" />
25-->src/main/AndroidManifest.xml:21:17-69
25-->src/main/AndroidManifest.xml:21:25-66
26
27                <category android:name="android.intent.category.LAUNCHER" />
27-->src/main/AndroidManifest.xml:22:17-77
27-->src/main/AndroidManifest.xml:22:27-74
28            </intent-filter>
29        </activity>
30    </application>
31
32</manifest>